<?xml version="1.0" encoding="UTF-8"?>
<testsuite xmlns:xsi="http://www.w3.org/2001/XMLSchema-instance" xsi:noNamespaceSchemaLocation="https://maven.apache.org/surefire/maven-surefire-plugin/xsd/surefire-test-report.xsd" name="com.uva.vehicles.VehiclesApplicationTests" time="0.515" tests="1" errors="1" skipped="0" failures="0">
  <properties>
    <property name="sun.desktop" value="gnome"/>
    <property name="awt.toolkit" value="sun.awt.X11.XToolkit"/>
    <property name="java.specification.version" value="11"/>
    <property name="sun.cpu.isalist" value=""/>
    <property name="sun.jnu.encoding" value="UTF-8"/>
    <property name="java.class.path" value="/home/andres/INF/4ยบ 1er Cuatrimestre/DBCS/PracticaDBCS/echo/vehicles/target/test-classes:/home/andres/INF/4ยบ 1er Cuatrimestre/DBCS/PracticaDBCS/echo/vehicles/target/classes:/home/andres/.m2/repository/org/springframework/boot/spring-boot-starter-data-jpa/2.7.17/spring-boot-starter-data-jpa-2.7.17.jar:/home/andres/.m2/repository/org/springframework/boot/spring-boot-starter-aop/2.7.17/spring-boot-starter-aop-2.7.17.jar:/home/andres/.m2/repository/org/aspectj/aspectjweaver/1.9.7/aspectjweaver-1.9.7.jar:/home/andres/.m2/repository/org/springframework/boot/spring-boot-starter-jdbc/2.7.17/spring-boot-starter-jdbc-2.7.17.jar:/home/andres/.m2/repository/com/zaxxer/HikariCP/4.0.3/HikariCP-4.0.3.jar:/home/andres/.m2/repository/org/springframework/spring-jdbc/5.3.30/spring-jdbc-5.3.30.jar:/home/andres/.m2/repository/jakarta/transaction/jakarta.transaction-api/1.3.3/jakarta.transaction-api-1.3.3.jar:/home/andres/.m2/repository/jakarta/persistence/jakarta.persistence-api/2.2.3/jakarta.persistence-api-2.2.3.jar:/home/andres/.m2/repository/org/hibernate/hibernate-core/5.6.15.Final/hibernate-core-5.6.15.Final.jar:/home/andres/.m2/repository/org/jboss/logging/jboss-logging/3.4.3.Final/jboss-logging-3.4.3.Final.jar:/home/andres/.m2/repository/net/bytebuddy/byte-buddy/1.12.23/byte-buddy-1.12.23.jar:/home/andres/.m2/repository/antlr/antlr/2.7.7/antlr-2.7.7.jar:/home/andres/.m2/repository/org/jboss/jandex/2.4.2.Final/jandex-2.4.2.Final.jar:/home/andres/.m2/repository/com/fasterxml/classmate/1.5.1/classmate-1.5.1.jar:/home/andres/.m2/repository/org/hibernate/common/hibernate-commons-annotations/5.1.2.Final/hibernate-commons-annotations-5.1.2.Final.jar:/home/andres/.m2/repository/org/glassfish/jaxb/jaxb-runtime/2.3.8/jaxb-runtime-2.3.8.jar:/home/andres/.m2/repository/org/glassfish/jaxb/txw2/2.3.8/txw2-2.3.8.jar:/home/andres/.m2/repository/com/sun/istack/istack-commons-runtime/3.0.12/istack-commons-runtime-3.0.12.jar:/home/andres/.m2/repository/com/sun/activation/jakarta.activation/1.2.2/jakarta.activation-1.2.2.jar:/home/andres/.m2/repository/org/springframework/data/spring-data-jpa/2.7.17/spring-data-jpa-2.7.17.jar:/home/andres/.m2/repository/org/springframework/data/spring-data-commons/2.7.17/spring-data-commons-2.7.17.jar:/home/andres/.m2/repository/org/springframework/spring-orm/5.3.30/spring-orm-5.3.30.jar:/home/andres/.m2/repository/org/springframework/spring-tx/5.3.30/spring-tx-5.3.30.jar:/home/andres/.m2/repository/org/springframework/spring-beans/5.3.30/spring-beans-5.3.30.jar:/home/andres/.m2/repository/org/slf4j/slf4j-api/1.7.36/slf4j-api-1.7.36.jar:/home/andres/.m2/repository/org/springframework/spring-aspects/5.3.30/spring-aspects-5.3.30.jar:/home/andres/.m2/repository/org/springframework/boot/spring-boot-starter-data-rest/2.7.17/spring-boot-starter-data-rest-2.7.17.jar:/home/andres/.m2/repository/org/springframework/boot/spring-boot-starter-web/2.7.17/spring-boot-starter-web-2.7.17.jar:/home/andres/.m2/repository/org/springframework/boot/spring-boot-starter-tomcat/2.7.17/spring-boot-starter-tomcat-2.7.17.jar:/home/andres/.m2/repository/org/apache/tomcat/embed/tomcat-embed-core/9.0.82/tomcat-embed-core-9.0.82.jar:/home/andres/.m2/repository/org/apache/tomcat/embed/tomcat-embed-websocket/9.0.82/tomcat-embed-websocket-9.0.82.jar:/home/andres/.m2/repository/org/springframework/spring-webmvc/5.3.30/spring-webmvc-5.3.30.jar:/home/andres/.m2/repository/org/springframework/data/spring-data-rest-webmvc/3.7.17/spring-data-rest-webmvc-3.7.17.jar:/home/andres/.m2/repository/org/springframework/data/spring-data-rest-core/3.7.17/spring-data-rest-core-3.7.17.jar:/home/andres/.m2/repository/org/springframework/hateoas/spring-hateoas/1.5.5/spring-hateoas-1.5.5.jar:/home/andres/.m2/repository/org/springframework/plugin/spring-plugin-core/2.0.0.RELEASE/spring-plugin-core-2.0.0.RELEASE.jar:/home/andres/.m2/repository/org/atteo/evo-inflector/1.3/evo-inflector-1.3.jar:/home/andres/.m2/repository/com/fasterxml/jackson/core/jackson-annotations/2.13.5/jackson-annotations-2.13.5.jar:/home/andres/.m2/repository/com/uva/dbcs/shared-libraries/0.0.1-SNAPSHOT/shared-libraries-0.0.1-SNAPSHOT.jar:/home/andres/.m2/repository/org/springframework/boot/spring-boot-autoconfigure/2.7.17/spring-boot-autoconfigure-2.7.17.jar:/home/andres/.m2/repository/org/springframework/boot/spring-boot/2.7.17/spring-boot-2.7.17.jar:/home/andres/.m2/repository/org/springframework/spring-context/5.3.30/spring-context-5.3.30.jar:/home/andres/.m2/repository/org/springframework/spring-expression/5.3.30/spring-expression-5.3.30.jar:/home/andres/.m2/repository/com/mysql/mysql-connector-j/8.0.33/mysql-connector-j-8.0.33.jar:/home/andres/.m2/repository/org/springframework/boot/spring-boot-starter-validation/2.7.17/spring-boot-starter-validation-2.7.17.jar:/home/andres/.m2/repository/org/springframework/boot/spring-boot-starter/2.7.17/spring-boot-starter-2.7.17.jar:/home/andres/.m2/repository/org/springframework/boot/spring-boot-starter-logging/2.7.17/spring-boot-starter-logging-2.7.17.jar:/home/andres/.m2/repository/ch/qos/logback/logback-classic/1.2.12/logback-classic-1.2.12.jar:/home/andres/.m2/repository/ch/qos/logback/logback-core/1.2.12/logback-core-1.2.12.jar:/home/andres/.m2/repository/org/apache/logging/log4j/log4j-to-slf4j/2.17.2/log4j-to-slf4j-2.17.2.jar:/home/andres/.m2/repository/org/apache/logging/log4j/log4j-api/2.17.2/log4j-api-2.17.2.jar:/home/andres/.m2/repository/org/slf4j/jul-to-slf4j/1.7.36/jul-to-slf4j-1.7.36.jar:/home/andres/.m2/repository/jakarta/annotation/jakarta.annotation-api/1.3.5/jakarta.annotation-api-1.3.5.jar:/home/andres/.m2/repository/org/yaml/snakeyaml/1.30/snakeyaml-1.30.jar:/home/andres/.m2/repository/org/apache/tomcat/embed/tomcat-embed-el/9.0.82/tomcat-embed-el-9.0.82.jar:/home/andres/.m2/repository/org/hibernate/validator/hibernate-validator/6.2.5.Final/hibernate-validator-6.2.5.Final.jar:/home/andres/.m2/repository/jakarta/validation/jakarta.validation-api/2.0.2/jakarta.validation-api-2.0.2.jar:/home/andres/.m2/repository/org/springframework/boot/spring-boot-starter-test/2.7.17/spring-boot-starter-test-2.7.17.jar:/home/andres/.m2/repository/org/springframework/boot/spring-boot-test/2.7.17/spring-boot-test-2.7.17.jar:/home/andres/.m2/repository/org/springframework/boot/spring-boot-test-autoconfigure/2.7.17/spring-boot-test-autoconfigure-2.7.17.jar:/home/andres/.m2/repository/com/jayway/jsonpath/json-path/2.7.0/json-path-2.7.0.jar:/home/andres/.m2/repository/net/minidev/json-smart/2.4.11/json-smart-2.4.11.jar:/home/andres/.m2/repository/net/minidev/accessors-smart/2.4.11/accessors-smart-2.4.11.jar:/home/andres/.m2/repository/org/ow2/asm/asm/9.3/asm-9.3.jar:/home/andres/.m2/repository/jakarta/xml/bind/jakarta.xml.bind-api/2.3.3/jakarta.xml.bind-api-2.3.3.jar:/home/andres/.m2/repository/jakarta/activation/jakarta.activation-api/1.2.2/jakarta.activation-api-1.2.2.jar:/home/andres/.m2/repository/org/assertj/assertj-core/3.22.0/assertj-core-3.22.0.jar:/home/andres/.m2/repository/org/hamcrest/hamcrest/2.2/hamcrest-2.2.jar:/home/andres/.m2/repository/org/junit/jupiter/junit-jupiter/5.8.2/junit-jupiter-5.8.2.jar:/home/andres/.m2/repository/org/junit/jupiter/junit-jupiter-api/5.8.2/junit-jupiter-api-5.8.2.jar:/home/andres/.m2/repository/org/opentest4j/opentest4j/1.2.0/opentest4j-1.2.0.jar:/home/andres/.m2/repository/org/junit/platform/junit-platform-commons/1.8.2/junit-platform-commons-1.8.2.jar:/home/andres/.m2/repository/org/apiguardian/apiguardian-api/1.1.2/apiguardian-api-1.1.2.jar:/home/andres/.m2/repository/org/junit/jupiter/junit-jupiter-params/5.8.2/junit-jupiter-params-5.8.2.jar:/home/andres/.m2/repository/org/junit/jupiter/junit-jupiter-engine/5.8.2/junit-jupiter-engine-5.8.2.jar:/home/andres/.m2/repository/org/junit/platform/junit-platform-engine/1.8.2/junit-platform-engine-1.8.2.jar:/home/andres/.m2/repository/org/mockito/mockito-core/4.5.1/mockito-core-4.5.1.jar:/home/andres/.m2/repository/net/bytebuddy/byte-buddy-agent/1.12.23/byte-buddy-agent-1.12.23.jar:/home/andres/.m2/repository/org/objenesis/objenesis/3.2/objenesis-3.2.jar:/home/andres/.m2/repository/org/mockito/mockito-junit-jupiter/4.5.1/mockito-junit-jupiter-4.5.1.jar:/home/andres/.m2/repository/org/skyscreamer/jsonassert/1.5.1/jsonassert-1.5.1.jar:/home/andres/.m2/repository/com/vaadin/external/google/android-json/0.0.20131108.vaadin1/android-json-0.0.20131108.vaadin1.jar:/home/andres/.m2/repository/org/springframework/spring-core/5.3.30/spring-core-5.3.30.jar:/home/andres/.m2/repository/org/springframework/spring-jcl/5.3.30/spring-jcl-5.3.30.jar:/home/andres/.m2/repository/org/springframework/spring-test/5.3.30/spring-test-5.3.30.jar:/home/andres/.m2/repository/org/xmlunit/xmlunit-core/2.9.1/xmlunit-core-2.9.1.jar:/home/andres/.m2/repository/org/springframework/security/spring-security-crypto/5.0.17.RELEASE/spring-security-crypto-5.0.17.RELEASE.jar:/home/andres/.m2/repository/org/springframework/boot/spring-boot-starter-security/3.2.0/spring-boot-starter-security-3.2.0.jar:/home/andres/.m2/repository/org/springframework/spring-aop/5.3.30/spring-aop-5.3.30.jar:/home/andres/.m2/repository/org/springframework/security/spring-security-config/5.7.11/spring-security-config-5.7.11.jar:/home/andres/.m2/repository/org/springframework/security/spring-security-core/5.7.11/spring-security-core-5.7.11.jar:/home/andres/.m2/repository/org/springframework/security/spring-security-web/5.7.11/spring-security-web-5.7.11.jar:/home/andres/.m2/repository/io/jsonwebtoken/jjwt/0.9.1/jjwt-0.9.1.jar:/home/andres/.m2/repository/com/fasterxml/jackson/core/jackson-databind/2.13.5/jackson-databind-2.13.5.jar:/home/andres/.m2/repository/com/fasterxml/jackson/core/jackson-core/2.13.5/jackson-core-2.13.5.jar:/home/andres/.m2/repository/org/springframework/boot/spring-boot-starter-webflux/2.7.17/spring-boot-starter-webflux-2.7.17.jar:/home/andres/.m2/repository/org/springframework/boot/spring-boot-starter-json/2.7.17/spring-boot-starter-json-2.7.17.jar:/home/andres/.m2/repository/com/fasterxml/jackson/datatype/jackson-datatype-jdk8/2.13.5/jackson-datatype-jdk8-2.13.5.jar:/home/andres/.m2/repository/com/fasterxml/jackson/datatype/jackson-datatype-jsr310/2.13.5/jackson-datatype-jsr310-2.13.5.jar:/home/andres/.m2/repository/com/fasterxml/jackson/module/jackson-module-parameter-names/2.13.5/jackson-module-parameter-names-2.13.5.jar:/home/andres/.m2/repository/org/springframework/boot/spring-boot-starter-reactor-netty/2.7.17/spring-boot-starter-reactor-netty-2.7.17.jar:/home/andres/.m2/repository/io/projectreactor/netty/reactor-netty-http/1.0.38/reactor-netty-http-1.0.38.jar:/home/andres/.m2/repository/io/netty/netty-codec-http/4.1.100.Final/netty-codec-http-4.1.100.Final.jar:/home/andres/.m2/repository/io/netty/netty-common/4.1.100.Final/netty-common-4.1.100.Final.jar:/home/andres/.m2/repository/io/netty/netty-buffer/4.1.100.Final/netty-buffer-4.1.100.Final.jar:/home/andres/.m2/repository/io/netty/netty-transport/4.1.100.Final/netty-transport-4.1.100.Final.jar:/home/andres/.m2/repository/io/netty/netty-codec/4.1.100.Final/netty-codec-4.1.100.Final.jar:/home/andres/.m2/repository/io/netty/netty-handler/4.1.100.Final/netty-handler-4.1.100.Final.jar:/home/andres/.m2/repository/io/netty/netty-codec-http2/4.1.100.Final/netty-codec-http2-4.1.100.Final.jar:/home/andres/.m2/repository/io/netty/netty-resolver-dns/4.1.100.Final/netty-resolver-dns-4.1.100.Final.jar:/home/andres/.m2/repository/io/netty/netty-resolver/4.1.100.Final/netty-resolver-4.1.100.Final.jar:/home/andres/.m2/repository/io/netty/netty-codec-dns/4.1.100.Final/netty-codec-dns-4.1.100.Final.jar:/home/andres/.m2/repository/io/netty/netty-resolver-dns-native-macos/4.1.100.Final/netty-resolver-dns-native-macos-4.1.100.Final-osx-x86_64.jar:/home/andres/.m2/repository/io/netty/netty-resolver-dns-classes-macos/4.1.100.Final/netty-resolver-dns-classes-macos-4.1.100.Final.jar:/home/andres/.m2/repository/io/netty/netty-transport-native-epoll/4.1.100.Final/netty-transport-native-epoll-4.1.100.Final-linux-x86_64.jar:/home/andres/.m2/repository/io/netty/netty-transport-native-unix-common/4.1.100.Final/netty-transport-native-unix-common-4.1.100.Final.jar:/home/andres/.m2/repository/io/netty/netty-transport-classes-epoll/4.1.100.Final/netty-transport-classes-epoll-4.1.100.Final.jar:/home/andres/.m2/repository/io/projectreactor/netty/reactor-netty-core/1.0.38/reactor-netty-core-1.0.38.jar:/home/andres/.m2/repository/io/netty/netty-handler-proxy/4.1.100.Final/netty-handler-proxy-4.1.100.Final.jar:/home/andres/.m2/repository/io/netty/netty-codec-socks/4.1.100.Final/netty-codec-socks-4.1.100.Final.jar:/home/andres/.m2/repository/org/springframework/spring-web/5.3.30/spring-web-5.3.30.jar:/home/andres/.m2/repository/org/springframework/spring-webflux/5.3.30/spring-webflux-5.3.30.jar:/home/andres/.m2/repository/io/projectreactor/reactor-core/3.4.33/reactor-core-3.4.33.jar:/home/andres/.m2/repository/org/reactivestreams/reactive-streams/1.0.4/reactive-streams-1.0.4.jar:"/>
    <property name="java.vm.vendor" value="Ubuntu"/>
    <property name="sun.arch.data.model" value="64"/>
    <property name="java.vendor.url" value="https://ubuntu.com/"/>
    <property name="user.timezone" value=""/>
    <property name="java.vm.specification.version" value="11"/>
    <property name="os.name" value="Linux"/>
    <property name="sun.java.launcher" value="SUN_STANDARD"/>
    <property name="user.country" value="ES"/>
    <property name="sun.boot.library.path" value="/usr/lib/jvm/java-11-openjdk-amd64/lib"/>
    <property name="sun.java.command" value="/home/andres/INF/4ยบ 1er Cuatrimestre/DBCS/PracticaDBCS/echo/vehicles/target/surefire/surefirebooter4384383507194284385.jar /home/andres/INF/4ยบ 1er Cuatrimestre/DBCS/PracticaDBCS/echo/vehicles/target/surefire 2023-12-29T20-03-17_054-jvmRun1 surefire2199412086254019471tmp surefire_08448384969851694838tmp"/>
    <property name="jdk.debug" value="release"/>
    <property name="surefire.test.class.path" value="/home/andres/INF/4ยบ 1er Cuatrimestre/DBCS/PracticaDBCS/echo/vehicles/target/test-classes:/home/andres/INF/4ยบ 1er Cuatrimestre/DBCS/PracticaDBCS/echo/vehicles/target/classes:/home/andres/.m2/repository/org/springframework/boot/spring-boot-starter-data-jpa/2.7.17/spring-boot-starter-data-jpa-2.7.17.jar:/home/andres/.m2/repository/org/springframework/boot/spring-boot-starter-aop/2.7.17/spring-boot-starter-aop-2.7.17.jar:/home/andres/.m2/repository/org/aspectj/aspectjweaver/1.9.7/aspectjweaver-1.9.7.jar:/home/andres/.m2/repository/org/springframework/boot/spring-boot-starter-jdbc/2.7.17/spring-boot-starter-jdbc-2.7.17.jar:/home/andres/.m2/repository/com/zaxxer/HikariCP/4.0.3/HikariCP-4.0.3.jar:/home/andres/.m2/repository/org/springframework/spring-jdbc/5.3.30/spring-jdbc-5.3.30.jar:/home/andres/.m2/repository/jakarta/transaction/jakarta.transaction-api/1.3.3/jakarta.transaction-api-1.3.3.jar:/home/andres/.m2/repository/jakarta/persistence/jakarta.persistence-api/2.2.3/jakarta.persistence-api-2.2.3.jar:/home/andres/.m2/repository/org/hibernate/hibernate-core/5.6.15.Final/hibernate-core-5.6.15.Final.jar:/home/andres/.m2/repository/org/jboss/logging/jboss-logging/3.4.3.Final/jboss-logging-3.4.3.Final.jar:/home/andres/.m2/repository/net/bytebuddy/byte-buddy/1.12.23/byte-buddy-1.12.23.jar:/home/andres/.m2/repository/antlr/antlr/2.7.7/antlr-2.7.7.jar:/home/andres/.m2/repository/org/jboss/jandex/2.4.2.Final/jandex-2.4.2.Final.jar:/home/andres/.m2/repository/com/fasterxml/classmate/1.5.1/classmate-1.5.1.jar:/home/andres/.m2/repository/org/hibernate/common/hibernate-commons-annotations/5.1.2.Final/hibernate-commons-annotations-5.1.2.Final.jar:/home/andres/.m2/repository/org/glassfish/jaxb/jaxb-runtime/2.3.8/jaxb-runtime-2.3.8.jar:/home/andres/.m2/repository/org/glassfish/jaxb/txw2/2.3.8/txw2-2.3.8.jar:/home/andres/.m2/repository/com/sun/istack/istack-commons-runtime/3.0.12/istack-commons-runtime-3.0.12.jar:/home/andres/.m2/repository/com/sun/activation/jakarta.activation/1.2.2/jakarta.activation-1.2.2.jar:/home/andres/.m2/repository/org/springframework/data/spring-data-jpa/2.7.17/spring-data-jpa-2.7.17.jar:/home/andres/.m2/repository/org/springframework/data/spring-data-commons/2.7.17/spring-data-commons-2.7.17.jar:/home/andres/.m2/repository/org/springframework/spring-orm/5.3.30/spring-orm-5.3.30.jar:/home/andres/.m2/repository/org/springframework/spring-tx/5.3.30/spring-tx-5.3.30.jar:/home/andres/.m2/repository/org/springframework/spring-beans/5.3.30/spring-beans-5.3.30.jar:/home/andres/.m2/repository/org/slf4j/slf4j-api/1.7.36/slf4j-api-1.7.36.jar:/home/andres/.m2/repository/org/springframework/spring-aspects/5.3.30/spring-aspects-5.3.30.jar:/home/andres/.m2/repository/org/springframework/boot/spring-boot-starter-data-rest/2.7.17/spring-boot-starter-data-rest-2.7.17.jar:/home/andres/.m2/repository/org/springframework/boot/spring-boot-starter-web/2.7.17/spring-boot-starter-web-2.7.17.jar:/home/andres/.m2/repository/org/springframework/boot/spring-boot-starter-tomcat/2.7.17/spring-boot-starter-tomcat-2.7.17.jar:/home/andres/.m2/repository/org/apache/tomcat/embed/tomcat-embed-core/9.0.82/tomcat-embed-core-9.0.82.jar:/home/andres/.m2/repository/org/apache/tomcat/embed/tomcat-embed-websocket/9.0.82/tomcat-embed-websocket-9.0.82.jar:/home/andres/.m2/repository/org/springframework/spring-webmvc/5.3.30/spring-webmvc-5.3.30.jar:/home/andres/.m2/repository/org/springframework/data/spring-data-rest-webmvc/3.7.17/spring-data-rest-webmvc-3.7.17.jar:/home/andres/.m2/repository/org/springframework/data/spring-data-rest-core/3.7.17/spring-data-rest-core-3.7.17.jar:/home/andres/.m2/repository/org/springframework/hateoas/spring-hateoas/1.5.5/spring-hateoas-1.5.5.jar:/home/andres/.m2/repository/org/springframework/plugin/spring-plugin-core/2.0.0.RELEASE/spring-plugin-core-2.0.0.RELEASE.jar:/home/andres/.m2/repository/org/atteo/evo-inflector/1.3/evo-inflector-1.3.jar:/home/andres/.m2/repository/com/fasterxml/jackson/core/jackson-annotations/2.13.5/jackson-annotations-2.13.5.jar:/home/andres/.m2/repository/com/uva/dbcs/shared-libraries/0.0.1-SNAPSHOT/shared-libraries-0.0.1-SNAPSHOT.jar:/home/andres/.m2/repository/org/springframework/boot/spring-boot-autoconfigure/2.7.17/spring-boot-autoconfigure-2.7.17.jar:/home/andres/.m2/repository/org/springframework/boot/spring-boot/2.7.17/spring-boot-2.7.17.jar:/home/andres/.m2/repository/org/springframework/spring-context/5.3.30/spring-context-5.3.30.jar:/home/andres/.m2/repository/org/springframework/spring-expression/5.3.30/spring-expression-5.3.30.jar:/home/andres/.m2/repository/com/mysql/mysql-connector-j/8.0.33/mysql-connector-j-8.0.33.jar:/home/andres/.m2/repository/org/springframework/boot/spring-boot-starter-validation/2.7.17/spring-boot-starter-validation-2.7.17.jar:/home/andres/.m2/repository/org/springframework/boot/spring-boot-starter/2.7.17/spring-boot-starter-2.7.17.jar:/home/andres/.m2/repository/org/springframework/boot/spring-boot-starter-logging/2.7.17/spring-boot-starter-logging-2.7.17.jar:/home/andres/.m2/repository/ch/qos/logback/logback-classic/1.2.12/logback-classic-1.2.12.jar:/home/andres/.m2/repository/ch/qos/logback/logback-core/1.2.12/logback-core-1.2.12.jar:/home/andres/.m2/repository/org/apache/logging/log4j/log4j-to-slf4j/2.17.2/log4j-to-slf4j-2.17.2.jar:/home/andres/.m2/repository/org/apache/logging/log4j/log4j-api/2.17.2/log4j-api-2.17.2.jar:/home/andres/.m2/repository/org/slf4j/jul-to-slf4j/1.7.36/jul-to-slf4j-1.7.36.jar:/home/andres/.m2/repository/jakarta/annotation/jakarta.annotation-api/1.3.5/jakarta.annotation-api-1.3.5.jar:/home/andres/.m2/repository/org/yaml/snakeyaml/1.30/snakeyaml-1.30.jar:/home/andres/.m2/repository/org/apache/tomcat/embed/tomcat-embed-el/9.0.82/tomcat-embed-el-9.0.82.jar:/home/andres/.m2/repository/org/hibernate/validator/hibernate-validator/6.2.5.Final/hibernate-validator-6.2.5.Final.jar:/home/andres/.m2/repository/jakarta/validation/jakarta.validation-api/2.0.2/jakarta.validation-api-2.0.2.jar:/home/andres/.m2/repository/org/springframework/boot/spring-boot-starter-test/2.7.17/spring-boot-starter-test-2.7.17.jar:/home/andres/.m2/repository/org/springframework/boot/spring-boot-test/2.7.17/spring-boot-test-2.7.17.jar:/home/andres/.m2/repository/org/springframework/boot/spring-boot-test-autoconfigure/2.7.17/spring-boot-test-autoconfigure-2.7.17.jar:/home/andres/.m2/repository/com/jayway/jsonpath/json-path/2.7.0/json-path-2.7.0.jar:/home/andres/.m2/repository/net/minidev/json-smart/2.4.11/json-smart-2.4.11.jar:/home/andres/.m2/repository/net/minidev/accessors-smart/2.4.11/accessors-smart-2.4.11.jar:/home/andres/.m2/repository/org/ow2/asm/asm/9.3/asm-9.3.jar:/home/andres/.m2/repository/jakarta/xml/bind/jakarta.xml.bind-api/2.3.3/jakarta.xml.bind-api-2.3.3.jar:/home/andres/.m2/repository/jakarta/activation/jakarta.activation-api/1.2.2/jakarta.activation-api-1.2.2.jar:/home/andres/.m2/repository/org/assertj/assertj-core/3.22.0/assertj-core-3.22.0.jar:/home/andres/.m2/repository/org/hamcrest/hamcrest/2.2/hamcrest-2.2.jar:/home/andres/.m2/repository/org/junit/jupiter/junit-jupiter/5.8.2/junit-jupiter-5.8.2.jar:/home/andres/.m2/repository/org/junit/jupiter/junit-jupiter-api/5.8.2/junit-jupiter-api-5.8.2.jar:/home/andres/.m2/repository/org/opentest4j/opentest4j/1.2.0/opentest4j-1.2.0.jar:/home/andres/.m2/repository/org/junit/platform/junit-platform-commons/1.8.2/junit-platform-commons-1.8.2.jar:/home/andres/.m2/repository/org/apiguardian/apiguardian-api/1.1.2/apiguardian-api-1.1.2.jar:/home/andres/.m2/repository/org/junit/jupiter/junit-jupiter-params/5.8.2/junit-jupiter-params-5.8.2.jar:/home/andres/.m2/repository/org/junit/jupiter/junit-jupiter-engine/5.8.2/junit-jupiter-engine-5.8.2.jar:/home/andres/.m2/repository/org/junit/platform/junit-platform-engine/1.8.2/junit-platform-engine-1.8.2.jar:/home/andres/.m2/repository/org/mockito/mockito-core/4.5.1/mockito-core-4.5.1.jar:/home/andres/.m2/repository/net/bytebuddy/byte-buddy-agent/1.12.23/byte-buddy-agent-1.12.23.jar:/home/andres/.m2/repository/org/objenesis/objenesis/3.2/objenesis-3.2.jar:/home/andres/.m2/repository/org/mockito/mockito-junit-jupiter/4.5.1/mockito-junit-jupiter-4.5.1.jar:/home/andres/.m2/repository/org/skyscreamer/jsonassert/1.5.1/jsonassert-1.5.1.jar:/home/andres/.m2/repository/com/vaadin/external/google/android-json/0.0.20131108.vaadin1/android-json-0.0.20131108.vaadin1.jar:/home/andres/.m2/repository/org/springframework/spring-core/5.3.30/spring-core-5.3.30.jar:/home/andres/.m2/repository/org/springframework/spring-jcl/5.3.30/spring-jcl-5.3.30.jar:/home/andres/.m2/repository/org/springframework/spring-test/5.3.30/spring-test-5.3.30.jar:/home/andres/.m2/repository/org/xmlunit/xmlunit-core/2.9.1/xmlunit-core-2.9.1.jar:/home/andres/.m2/repository/org/springframework/security/spring-security-crypto/5.0.17.RELEASE/spring-security-crypto-5.0.17.RELEASE.jar:/home/andres/.m2/repository/org/springframework/boot/spring-boot-starter-security/3.2.0/spring-boot-starter-security-3.2.0.jar:/home/andres/.m2/repository/org/springframework/spring-aop/5.3.30/spring-aop-5.3.30.jar:/home/andres/.m2/repository/org/springframework/security/spring-security-config/5.7.11/spring-security-config-5.7.11.jar:/home/andres/.m2/repository/org/springframework/security/spring-security-core/5.7.11/spring-security-core-5.7.11.jar:/home/andres/.m2/repository/org/springframework/security/spring-security-web/5.7.11/spring-security-web-5.7.11.jar:/home/andres/.m2/repository/io/jsonwebtoken/jjwt/0.9.1/jjwt-0.9.1.jar:/home/andres/.m2/repository/com/fasterxml/jackson/core/jackson-databind/2.13.5/jackson-databind-2.13.5.jar:/home/andres/.m2/repository/com/fasterxml/jackson/core/jackson-core/2.13.5/jackson-core-2.13.5.jar:/home/andres/.m2/repository/org/springframework/boot/spring-boot-starter-webflux/2.7.17/spring-boot-starter-webflux-2.7.17.jar:/home/andres/.m2/repository/org/springframework/boot/spring-boot-starter-json/2.7.17/spring-boot-starter-json-2.7.17.jar:/home/andres/.m2/repository/com/fasterxml/jackson/datatype/jackson-datatype-jdk8/2.13.5/jackson-datatype-jdk8-2.13.5.jar:/home/andres/.m2/repository/com/fasterxml/jackson/datatype/jackson-datatype-jsr310/2.13.5/jackson-datatype-jsr310-2.13.5.jar:/home/andres/.m2/repository/com/fasterxml/jackson/module/jackson-module-parameter-names/2.13.5/jackson-module-parameter-names-2.13.5.jar:/home/andres/.m2/repository/org/springframework/boot/spring-boot-starter-reactor-netty/2.7.17/spring-boot-starter-reactor-netty-2.7.17.jar:/home/andres/.m2/repository/io/projectreactor/netty/reactor-netty-http/1.0.38/reactor-netty-http-1.0.38.jar:/home/andres/.m2/repository/io/netty/netty-codec-http/4.1.100.Final/netty-codec-http-4.1.100.Final.jar:/home/andres/.m2/repository/io/netty/netty-common/4.1.100.Final/netty-common-4.1.100.Final.jar:/home/andres/.m2/repository/io/netty/netty-buffer/4.1.100.Final/netty-buffer-4.1.100.Final.jar:/home/andres/.m2/repository/io/netty/netty-transport/4.1.100.Final/netty-transport-4.1.100.Final.jar:/home/andres/.m2/repository/io/netty/netty-codec/4.1.100.Final/netty-codec-4.1.100.Final.jar:/home/andres/.m2/repository/io/netty/netty-handler/4.1.100.Final/netty-handler-4.1.100.Final.jar:/home/andres/.m2/repository/io/netty/netty-codec-http2/4.1.100.Final/netty-codec-http2-4.1.100.Final.jar:/home/andres/.m2/repository/io/netty/netty-resolver-dns/4.1.100.Final/netty-resolver-dns-4.1.100.Final.jar:/home/andres/.m2/repository/io/netty/netty-resolver/4.1.100.Final/netty-resolver-4.1.100.Final.jar:/home/andres/.m2/repository/io/netty/netty-codec-dns/4.1.100.Final/netty-codec-dns-4.1.100.Final.jar:/home/andres/.m2/repository/io/netty/netty-resolver-dns-native-macos/4.1.100.Final/netty-resolver-dns-native-macos-4.1.100.Final-osx-x86_64.jar:/home/andres/.m2/repository/io/netty/netty-resolver-dns-classes-macos/4.1.100.Final/netty-resolver-dns-classes-macos-4.1.100.Final.jar:/home/andres/.m2/repository/io/netty/netty-transport-native-epoll/4.1.100.Final/netty-transport-native-epoll-4.1.100.Final-linux-x86_64.jar:/home/andres/.m2/repository/io/netty/netty-transport-native-unix-common/4.1.100.Final/netty-transport-native-unix-common-4.1.100.Final.jar:/home/andres/.m2/repository/io/netty/netty-transport-classes-epoll/4.1.100.Final/netty-transport-classes-epoll-4.1.100.Final.jar:/home/andres/.m2/repository/io/projectreactor/netty/reactor-netty-core/1.0.38/reactor-netty-core-1.0.38.jar:/home/andres/.m2/repository/io/netty/netty-handler-proxy/4.1.100.Final/netty-handler-proxy-4.1.100.Final.jar:/home/andres/.m2/repository/io/netty/netty-codec-socks/4.1.100.Final/netty-codec-socks-4.1.100.Final.jar:/home/andres/.m2/repository/org/springframework/spring-web/5.3.30/spring-web-5.3.30.jar:/home/andres/.m2/repository/org/springframework/spring-webflux/5.3.30/spring-webflux-5.3.30.jar:/home/andres/.m2/repository/io/projectreactor/reactor-core/3.4.33/reactor-core-3.4.33.jar:/home/andres/.m2/repository/org/reactivestreams/reactive-streams/1.0.4/reactive-streams-1.0.4.jar:"/>
    <property name="sun.cpu.endian" value="little"/>
    <property name="user.home" value="/home/andres"/>
    <property name="user.language" value="es"/>
    <property name="java.specification.vendor" value="Oracle Corporation"/>
    <property name="java.version.date" value="2023-10-17"/>
    <property name="java.home" value="/usr/lib/jvm/java-11-openjdk-amd64"/>
    <property name="file.separator" value="/"/>
    <property name="basedir" value="/home/andres/INF/4ยบ 1er Cuatrimestre/DBCS/PracticaDBCS/echo/vehicles"/>
    <property name="java.vm.compressedOopsMode" value="32-bit"/>
    <property name="line.separator" value="&#10;"/>
    <property name="java.specification.name" value="Java Platform API Specification"/>
    <property name="java.vm.specification.vendor" value="Oracle Corporation"/>
    <property name="java.awt.graphicsenv" value="sun.awt.X11GraphicsEnvironment"/>
    <property name="surefire.real.class.path" value="/home/andres/INF/4ยบ 1er Cuatrimestre/DBCS/PracticaDBCS/echo/vehicles/target/surefire/surefirebooter4384383507194284385.jar"/>
    <property name="sun.management.compiler" value="HotSpot 64-Bit Tiered Compilers"/>
    <property name="java.runtime.version" value="11.0.21+9-post-Ubuntu-0ubuntu122.04"/>
    <property name="user.name" value="andres"/>
    <property name="path.separator" value=":"/>
    <property name="os.version" value="6.2.0-39-generic"/>
    <property name="java.runtime.name" value="OpenJDK Runtime Environment"/>
    <property name="file.encoding" value="UTF-8"/>
    <property name="java.vm.name" value="OpenJDK 64-Bit Server VM"/>
    <property name="localRepository" value="/home/andres/.m2/repository"/>
    <property name="java.vendor.url.bug" value="https://bugs.launchpad.net/ubuntu/+source/openjdk-lts"/>
    <property name="java.io.tmpdir" value="/tmp"/>
    <property name="idea.version" value="2023.3.2"/>
    <property name="java.version" value="11.0.21"/>
    <property name="user.dir" value="/home/andres/INF/4ยบ 1er Cuatrimestre/DBCS/PracticaDBCS/echo/vehicles"/>
    <property name="os.arch" value="amd64"/>
    <property name="java.vm.specification.name" value="Java Virtual Machine Specification"/>
    <property name="java.awt.printerjob" value="sun.print.PSPrinterJob"/>
    <property name="sun.os.patch.level" value="unknown"/>
    <property name="java.library.path" value="/usr/java/packages/lib:/usr/lib/x86_64-linux-gnu/jni:/lib/x86_64-linux-gnu:/usr/lib/x86_64-linux-gnu:/usr/lib/jni:/lib:/usr/lib"/>
    <property name="java.vm.info" value="mixed mode, sharing"/>
    <property name="java.vendor" value="Ubuntu"/>
    <property name="java.vm.version" value="11.0.21+9-post-Ubuntu-0ubuntu122.04"/>
    <property name="java.specification.maintenance.version" value="2"/>
    <property name="sun.io.unicode.encoding" value="UnicodeLittle"/>
    <property name="java.class.version" value="55.0"/>
  </properties>
  <testcase name="com.uva.vehicles.VehiclesApplicationTests" classname="com.uva.vehicles.VehiclesApplicationTests" time="0.511">
    <error message="Unable to find a @SpringBootConfiguration, you need to use @ContextConfiguration or @SpringBootTest(classes=...) with your test" type="java.lang.IllegalStateException">java.lang.IllegalStateException: Unable to find a @SpringBootConfiguration, you need to use @ContextConfiguration or @SpringBootTest(classes=...) with your test
</error>
    <system-out><![CDATA[20:03:18.575 [main] DEBUG org.springframework.test.context.BootstrapUtils - Instantiating CacheAwareContextLoaderDelegate from class [org.springframework.test.context.cache.DefaultCacheAwareContextLoaderDelegate]
20:03:18.595 [main] DEBUG org.springframework.test.context.BootstrapUtils - Instantiating BootstrapContext using constructor [public org.springframework.test.context.support.DefaultBootstrapContext(java.lang.Class,org.springframework.test.context.CacheAwareContextLoaderDelegate)]
20:03:18.674 [main] DEBUG org.springframework.test.context.BootstrapUtils - Instantiating TestContextBootstrapper for test class [com.uva.vehicles.VehiclesApplicationTests] from class [org.springframework.boot.test.context.SpringBootTestContextBootstrapper]
20:03:18.693 [main] INFO org.springframework.boot.test.context.SpringBootTestContextBootstrapper - Neither @ContextConfiguration nor @ContextHierarchy found for test class [com.uva.vehicles.VehiclesApplicationTests], using SpringBootContextLoader
20:03:18.699 [main] DEBUG org.springframework.test.context.support.AbstractContextLoader - Did not detect default resource location for test class [com.uva.vehicles.VehiclesApplicationTests]: class path resource [com/uva/vehicles/VehiclesApplicationTests-context.xml] does not exist
20:03:18.701 [main] DEBUG org.springframework.test.context.support.AbstractContextLoader - Did not detect default resource location for test class [com.uva.vehicles.VehiclesApplicationTests]: class path resource [com/uva/vehicles/VehiclesApplicationTestsContext.groovy] does not exist
20:03:18.701 [main] INFO org.springframework.test.context.support.AbstractContextLoader - Could not detect default resource locations for test class [com.uva.vehicles.VehiclesApplicationTests]: no resource found for suffixes {-context.xml, Context.groovy}.
20:03:18.702 [main] INFO org.springframework.test.context.support.AnnotationConfigContextLoaderUtils - Could not detect default configuration classes for test class [com.uva.vehicles.VehiclesApplicationTests]: VehiclesApplicationTests does not declare any static, non-private, non-final, nested classes annotated with @Configuration.
20:03:18.787 [main] DEBUG org.springframework.test.context.support.ActiveProfilesUtils - Could not find an 'annotation declaring class' for annotation type [org.springframework.test.context.ActiveProfiles] and class [com.uva.vehicles.VehiclesApplicationTests]
]]></system-out>
  </testcase>
</testsuite>